#
# There is insufficient memory for the Java Runtime Environment to continue.
# Native memory allocation (malloc) failed to allocate 1076976 bytes for Chunk::new
# Possible reasons:
#   The system is out of physical RAM or swap space
#   The process is running with CompressedOops enabled, and the Java Heap may be blocking the growth of the native heap
# Possible solutions:
#   Reduce memory load on the system
#   Increase physical memory or swap space
#   Check if swap backing store is full
#   Decrease Java heap size (-Xmx/-Xms)
#   Decrease number of Java threads
#   Decrease Java thread stack sizes (-Xss)
#   Set larger code cache with -XX:ReservedCodeCacheSize=
#   JVM is running with Unscaled Compressed Oops mode in which the Java heap is
#     placed in the first 4GB address space. The Java Heap base address is the
#     maximum limit for the native heap growth. Please use -XX:HeapBaseMinAddress
#     to set the Java Heap base and to place the Java Heap above 4GB virtual address.
# This output file may be truncated or incomplete.
#
#  Out of Memory Error (allocation.cpp:389), pid=42824, tid=0x000000000000a77c
#
# JRE version: Java(TM) SE Runtime Environment (8.0_221-b11) (build 1.8.0_221-b11)
# Java VM: Java HotSpot(TM) 64-Bit Server VM (25.221-b11 mixed mode windows-amd64 compressed oops)
# Failed to write core dump. Minidumps are not enabled by default on client versions of Windows
#

---------------  T H R E A D  ---------------

Current thread (0x0000000019b10800):  JavaThread "C2 CompilerThread0" daemon [_thread_in_native, id=42876, stack(0x000000001a2e0000,0x000000001a3e0000)]

Stack: [0x000000001a2e0000,0x000000001a3e0000]
[error occurred during error reporting (printing stack bounds), id 0xc0000005]

Native frames: (J=compiled Java code, j=interpreted, Vv=VM code, C=native code)


Current CompileTask:
C2:   2658 2421   !   4       java.net.URLClassLoader$1::run (63 bytes)


---------------  P R O C E S S  ---------------

Java Threads: ( => current thread )
  0x0000000019baf800 JavaThread "Service Thread" daemon [_thread_blocked, id=45620, stack(0x000000001a6e0000,0x000000001a7e0000)]
  0x0000000019b21000 JavaThread "C1 CompilerThread3" daemon [_thread_in_native, id=56956, stack(0x000000001a5e0000,0x000000001a6e0000)]
  0x0000000019b19800 JavaThread "C2 CompilerThread2" daemon [_thread_in_native, id=56252, stack(0x000000001a4e0000,0x000000001a5e0000)]
  0x0000000019b15000 JavaThread "C2 CompilerThread1" daemon [_thread_in_native, id=56284, stack(0x000000001a3e0000,0x000000001a4e0000)]
=>0x0000000019b10800 JavaThread "C2 CompilerThread0" daemon [_thread_in_native, id=42876, stack(0x000000001a2e0000,0x000000001a3e0000)]
  0x0000000019b0d800 JavaThread "Attach Listener" daemon [_thread_blocked, id=22936, stack(0x000000001a1e0000,0x000000001a2e0000)]
  0x0000000017bce800 JavaThread "Signal Dispatcher" daemon [_thread_blocked, id=49768, stack(0x000000001a0e0000,0x000000001a1e0000)]
  0x0000000002b9d800 JavaThread "Finalizer" daemon [_thread_blocked, id=54416, stack(0x0000000019ee0000,0x0000000019fe0000)]
  0x0000000002b9b000 JavaThread "Reference Handler" daemon [_thread_blocked, id=50536, stack(0x00000000199e0000,0x0000000019ae0000)]
  0x0000000002aa6000 JavaThread "main" [_thread_in_native, id=49716, stack(0x0000000002920000,0x0000000002a20000)]

Other Threads:
  0x0000000017bba000 VMThread [stack: 0x00000000198e0000,0x00000000199e0000] [id=50620]
  0x0000000019bcb800 WatcherThread [stack: 0x000000001a7e0000,0x000000001a8e0000] [id=52600]

VM state:not at safepoint (normal execution)

VM Mutex/Monitor currently owned by a thread: None

heap address: 0x0000000081c00000, size: 2020 MB, Compressed Oops mode: 32-bit
Narrow klass base: 0x0000000000000000, Narrow klass shift: 3
Compressed class space size: 1073741824 Address: 0x0000000100000000

Heap:
 PSYoungGen      total 71680K, used 46518K [0x00000000d5f00000, 0x00000000dd080000, 0x0000000100000000)
  eden space 66560K, 63% used [0x00000000d5f00000,0x00000000d8821df0,0x00000000da000000)
  from space 5120K, 85% used [0x00000000da000000,0x00000000da44baa8,0x00000000da500000)
  to   space 9728K, 0% used [0x00000000dc700000,0x00000000dc700000,0x00000000dd080000)
 ParOldGen       total 59392K, used 5091K [0x0000000081c00000, 0x0000000085600000, 0x00000000d5f00000)
  object space 59392K, 8% used [0x0000000081c00000,0x00000000820f8d68,0x0000000085600000)
 Metaspace       used 27209K, capacity 28202K, committed 28464K, reserved 1073152K
  class space    used 3556K, capacity 3810K, committed 3888K, reserved 1048576K

Card table byte_map: [0x0000000012000000,0x0000000012400000] byte_map_base: 0x0000000011bf2000

Marking Bits: (ParMarkBitMap*) 0x0000000057dd5ce0
 Begin Bits: [0x0000000012eb0000, 0x0000000014e40000)
 End Bits:   [0x0000000014e40000, 0x0000000016dd0000)

Polling page: 0x00000000007f0000

CodeCache: size=245760Kb used=9337Kb max_used=9337Kb free=236422Kb
 bounds [0x0000000002c40000, 0x0000000003570000, 0x0000000011c40000]
 total_blobs=3078 nmethods=2681 adapters=308
 compilation: enabled

Compilation events (10 events):
Event: 2.642 Thread 0x0000000019b21000 nmethod 2579 0x00000000034f8310 code [0x00000000034f8480, 0x00000000034f87a8]
Event: 2.642 Thread 0x0000000019b21000 2581       3       org.springframework.cglib.core.ClassEmitter::visitField (14 bytes)
Event: 2.642 Thread 0x0000000019b21000 nmethod 2581 0x00000000034f8950 code [0x00000000034f8ae0, 0x00000000034f8e98]
Event: 2.643 Thread 0x0000000019b21000 2580       3       org.springframework.cglib.core.ReflectUtils$6::<init> (20 bytes)
Event: 2.643 Thread 0x0000000019b21000 nmethod 2580 0x00000000034f90d0 code [0x00000000034f9240, 0x00000000034f9470]
Event: 2.643 Thread 0x0000000019b21000 2582       3       org.springframework.cglib.core.CodeEmitter::return_value (24 bytes)
Event: 2.643 Thread 0x0000000019b21000 nmethod 2582 0x00000000034f9550 code [0x00000000034f96e0, 0x00000000034f9a68]
Event: 2.644 Thread 0x0000000019b21000 2583       3       org.springframework.asm.SymbolTable::addConstant (329 bytes)
Event: 2.647 Thread 0x0000000019b21000 nmethod 2583 0x00000000034f9c10 code [0x00000000034fa140, 0x00000000034fe7a8]
Event: 2.647 Thread 0x0000000019b21000 2585       3       org.springframework.asm.Type::getMethodDescriptor (74 bytes)

GC Heap History (10 events):
Event: 1.014 GC heap before
{Heap before GC invocations=2 (full 0):
 PSYoungGen      total 38400K, used 38379K [0x00000000d5f00000, 0x00000000d8980000, 0x0000000100000000)
  eden space 33280K, 100% used [0x00000000d5f00000,0x00000000d7f80000,0x00000000d7f80000)
  from space 5120K, 99% used [0x00000000d7f80000,0x00000000d847ade0,0x00000000d8480000)
  to   space 5120K, 0% used [0x00000000d8480000,0x00000000d8480000,0x00000000d8980000)
 ParOldGen       total 87552K, used 222K [0x0000000081c00000, 0x0000000087180000, 0x00000000d5f00000)
  object space 87552K, 0% used [0x0000000081c00000,0x0000000081c37990,0x0000000087180000)
 Metaspace       used 13928K, capacity 14386K, committed 14592K, reserved 1062912K
  class space    used 1857K, capacity 2000K, committed 2048K, reserved 1048576K
Event: 1.021 GC heap after
Heap after GC invocations=2 (full 0):
 PSYoungGen      total 38400K, used 5104K [0x00000000d5f00000, 0x00000000daa00000, 0x0000000100000000)
  eden space 33280K, 0% used [0x00000000d5f00000,0x00000000d5f00000,0x00000000d7f80000)
  from space 5120K, 99% used [0x00000000d8480000,0x00000000d897c1d0,0x00000000d8980000)
  to   space 5120K, 0% used [0x00000000d7f80000,0x00000000d7f80000,0x00000000d8480000)
 ParOldGen       total 87552K, used 1412K [0x0000000081c00000, 0x0000000087180000, 0x00000000d5f00000)
  object space 87552K, 1% used [0x0000000081c00000,0x0000000081d61360,0x0000000087180000)
 Metaspace       used 13928K, capacity 14386K, committed 14592K, reserved 1062912K
  class space    used 1857K, capacity 2000K, committed 2048K, reserved 1048576K
}
Event: 1.293 GC heap before
{Heap before GC invocations=3 (full 0):
 PSYoungGen      total 38400K, used 38384K [0x00000000d5f00000, 0x00000000daa00000, 0x0000000100000000)
  eden space 33280K, 100% used [0x00000000d5f00000,0x00000000d7f80000,0x00000000d7f80000)
  from space 5120K, 99% used [0x00000000d8480000,0x00000000d897c1d0,0x00000000d8980000)
  to   space 5120K, 0% used [0x00000000d7f80000,0x00000000d7f80000,0x00000000d8480000)
 ParOldGen       total 87552K, used 1412K [0x0000000081c00000, 0x0000000087180000, 0x00000000d5f00000)
  object space 87552K, 1% used [0x0000000081c00000,0x0000000081d61360,0x0000000087180000)
 Metaspace       used 19405K, capacity 19904K, committed 20224K, reserved 1067008K
  class space    used 2543K, capacity 2691K, committed 2816K, reserved 1048576K
Event: 1.302 GC heap after
Heap after GC invocations=3 (full 0):
 PSYoungGen      total 38400K, used 5101K [0x00000000d5f00000, 0x00000000daa00000, 0x0000000100000000)
  eden space 33280K, 0% used [0x00000000d5f00000,0x00000000d5f00000,0x00000000d7f80000)
  from space 5120K, 99% used [0x00000000d7f80000,0x00000000d847b6f8,0x00000000d8480000)
  to   space 5120K, 0% used [0x00000000da500000,0x00000000da500000,0x00000000daa00000)
 ParOldGen       total 87552K, used 5203K [0x0000000081c00000, 0x0000000087180000, 0x00000000d5f00000)
  object space 87552K, 5% used [0x0000000081c00000,0x0000000082114d10,0x0000000087180000)
 Metaspace       used 19405K, capacity 19904K, committed 20224K, reserved 1067008K
  class space    used 2543K, capacity 2691K, committed 2816K, reserved 1048576K
}
Event: 1.439 GC heap before
{Heap before GC invocations=4 (full 0):
 PSYoungGen      total 38400K, used 11236K [0x00000000d5f00000, 0x00000000daa00000, 0x0000000100000000)
  eden space 33280K, 18% used [0x00000000d5f00000,0x00000000d64fdc60,0x00000000d7f80000)
  from space 5120K, 99% used [0x00000000d7f80000,0x00000000d847b6f8,0x00000000d8480000)
  to   space 5120K, 0% used [0x00000000da500000,0x00000000da500000,0x00000000daa00000)
 ParOldGen       total 87552K, used 5203K [0x0000000081c00000, 0x0000000087180000, 0x00000000d5f00000)
  object space 87552K, 5% used [0x0000000081c00000,0x0000000082114d10,0x0000000087180000)
 Metaspace       used 20603K, capacity 21144K, committed 21296K, reserved 1067008K
  class space    used 2688K, capacity 2843K, committed 2864K, reserved 1048576K
Event: 1.446 GC heap after
Heap after GC invocations=4 (full 0):
 PSYoungGen      total 71680K, used 5107K [0x00000000d5f00000, 0x00000000daa00000, 0x0000000100000000)
  eden space 66560K, 0% used [0x00000000d5f00000,0x00000000d5f00000,0x00000000da000000)
  from space 5120K, 99% used [0x00000000da500000,0x00000000da9fcf58,0x00000000daa00000)
  to   space 5120K, 0% used [0x00000000da000000,0x00000000da000000,0x00000000da500000)
 ParOldGen       total 87552K, used 5307K [0x0000000081c00000, 0x0000000087180000, 0x00000000d5f00000)
  object space 87552K, 6% used [0x0000000081c00000,0x000000008212edc8,0x0000000087180000)
 Metaspace       used 20603K, capacity 21144K, committed 21296K, reserved 1067008K
  class space    used 2688K, capacity 2843K, committed 2864K, reserved 1048576K
}
Event: 1.446 GC heap before
{Heap before GC invocations=5 (full 1):
 PSYoungGen      total 71680K, used 5107K [0x00000000d5f00000, 0x00000000daa00000, 0x0000000100000000)
  eden space 66560K, 0% used [0x00000000d5f00000,0x00000000d5f00000,0x00000000da000000)
  from space 5120K, 99% used [0x00000000da500000,0x00000000da9fcf58,0x00000000daa00000)
  to   space 5120K, 0% used [0x00000000da000000,0x00000000da000000,0x00000000da500000)
 ParOldGen       total 87552K, used 5307K [0x0000000081c00000, 0x0000000087180000, 0x00000000d5f00000)
  object space 87552K, 6% used [0x0000000081c00000,0x000000008212edc8,0x0000000087180000)
 Metaspace       used 20603K, capacity 21144K, committed 21296K, reserved 1067008K
  class space    used 2688K, capacity 2843K, committed 2864K, reserved 1048576K
Event: 1.489 GC heap after
Heap after GC invocations=5 (full 1):
 PSYoungGen      total 71680K, used 0K [0x00000000d5f00000, 0x00000000daa00000, 0x0000000100000000)
  eden space 66560K, 0% used [0x00000000d5f00000,0x00000000d5f00000,0x00000000da000000)
  from space 5120K, 0% used [0x00000000da500000,0x00000000da500000,0x00000000daa00000)
  to   space 5120K, 0% used [0x00000000da000000,0x00000000da000000,0x00000000da500000)
 ParOldGen       total 59392K, used 5019K [0x0000000081c00000, 0x0000000085600000, 0x00000000d5f00000)
  object space 59392K, 8% used [0x0000000081c00000,0x00000000820e6d58,0x0000000085600000)
 Metaspace       used 20601K, capacity 21138K, committed 21296K, reserved 1067008K
  class space    used 2688K, capacity 2842K, committed 2864K, reserved 1048576K
}
Event: 1.940 GC heap before
{Heap before GC invocations=6 (full 1):
 PSYoungGen      total 71680K, used 66560K [0x00000000d5f00000, 0x00000000daa00000, 0x0000000100000000)
  eden space 66560K, 100% used [0x00000000d5f00000,0x00000000da000000,0x00000000da000000)
  from space 5120K, 0% used [0x00000000da500000,0x00000000da500000,0x00000000daa00000)
  to   space 5120K, 0% used [0x00000000da000000,0x00000000da000000,0x00000000da500000)
 ParOldGen       total 59392K, used 5019K [0x0000000081c00000, 0x0000000085600000, 0x00000000d5f00000)
  object space 59392K, 8% used [0x0000000081c00000,0x00000000820e6d58,0x0000000085600000)
 Metaspace       used 23166K, capacity 23876K, committed 23984K, reserved 1071104K
  class space    used 3016K, capacity 3223K, committed 3248K, reserved 1048576K
Event: 1.944 GC heap after
Heap after GC invocations=6 (full 1):
 PSYoungGen      total 71680K, used 4398K [0x00000000d5f00000, 0x00000000dd080000, 0x0000000100000000)
  eden space 66560K, 0% used [0x00000000d5f00000,0x00000000d5f00000,0x00000000da000000)
  from space 5120K, 85% used [0x00000000da000000,0x00000000da44baa8,0x00000000da500000)
  to   space 9728K, 0% used [0x00000000dc700000,0x00000000dc700000,0x00000000dd080000)
 ParOldGen       total 59392K, used 5091K [0x0000000081c00000, 0x0000000085600000, 0x00000000d5f00000)
  object space 59392K, 8% used [0x0000000081c00000,0x00000000820f8d68,0x0000000085600000)
 Metaspace       used 23166K, capacity 23876K, committed 23984K, reserved 1071104K
  class space    used 3016K, capacity 3223K, committed 3248K, reserved 1048576K
}

Deoptimization events (10 events):
Event: 1.611 Thread 0x000000001adc1000 Uncommon trap: reason=unstable_if action=reinterpret pc=0x0000000003137920 method=com.sun.org.apache.xerces.internal.impl.XMLEntityScanner.scanLiteral(ILcom/sun/org/apache/xerces/internal/xni/XMLString;Z)I @ 570
Event: 1.673 Thread 0x000000001adc1000 Uncommon trap: reason=unstable_if action=reinterpret pc=0x000000000315751c method=com.sun.org.apache.xerces.internal.impl.XMLEntityScanner.skipSpaces()Z @ 125
Event: 1.703 Thread 0x000000001adc1000 Uncommon trap: reason=unstable_if action=reinterpret pc=0x000000000317b688 method=com.sun.org.apache.xerces.internal.util.SymbolTable.addSymbol([CII)Ljava/lang/String; @ 38
Event: 1.719 Thread 0x000000001adc1000 Uncommon trap: reason=unstable_if action=reinterpret pc=0x00000000031c3e50 method=com.sun.org.apache.xerces.internal.util.SymbolTable.addSymbol([CII)Ljava/lang/String; @ 38
Event: 1.848 Thread 0x0000000002aa6000 Uncommon trap: reason=unstable_if action=reinterpret pc=0x0000000002ff4764 method=java.util.jar.Manifest$FastInputStream.readLine([BII)I @ 87
Event: 1.928 Thread 0x0000000002aa6000 Uncommon trap: reason=unstable_if action=reinterpret pc=0x000000000328d61c method=org.springframework.boot.context.properties.source.ConfigurationPropertyName$ElementsParser.isAlphaNumeric(C)Z @ 11
Event: 2.269 Thread 0x0000000002aa6000 Uncommon trap: reason=class_check action=maybe_recompile pc=0x000000000337a2c8 method=org.springframework.util.ConcurrentReferenceHashMap$Segment.findInChain(Lorg/springframework/util/ConcurrentReferenceHashMap$Reference;Ljava/lang/Object;I)Lorg/springfra
Event: 2.290 Thread 0x0000000002aa6000 Uncommon trap: reason=class_check action=maybe_recompile pc=0x000000000337a2c8 method=org.springframework.util.ConcurrentReferenceHashMap$Segment.findInChain(Lorg/springframework/util/ConcurrentReferenceHashMap$Reference;Ljava/lang/Object;I)Lorg/springfra
Event: 2.533 Thread 0x0000000002aa6000 Uncommon trap: reason=unstable_if action=reinterpret pc=0x000000000326a59c method=java.util.concurrent.ConcurrentHashMap.putVal(Ljava/lang/Object;Ljava/lang/Object;Z)Ljava/lang/Object; @ 206
Event: 2.592 Thread 0x0000000002aa6000 Uncommon trap: reason=unstable_if action=reinterpret pc=0x00000000032897dc method=java.util.LinkedList.node(I)Ljava/util/LinkedList$Node; @ 49

Classes redefined (0 events):
No events

Internal exceptions (10 events):
Event: 1.222 Thread 0x0000000002aa6000 Exception <a 'java/lang/ClassNotFoundException': org/springframework/context/ResourceLoaderAwareCustomizer> (0x00000000d7597978) thrown at [C:\re\workspace\8-2-build-windows-amd64-cygwin\jdk8u221\13320\hotspot\src\share\vm\classfile\systemDictionary.cpp, 
Event: 1.222 Thread 0x0000000002aa6000 Exception <a 'java/lang/ClassNotFoundException': org/springframework/beans/factory/AwareCustomizer> (0x00000000d75a9da8) thrown at [C:\re\workspace\8-2-build-windows-amd64-cygwin\jdk8u221\13320\hotspot\src\share\vm\classfile\systemDictionary.cpp, line 210
Event: 1.223 Thread 0x0000000002aa6000 Exception <a 'java/lang/ClassNotFoundException': org/springframework/beans/factory/BeanClassLoaderAwareCustomizer> (0x00000000d75beb78) thrown at [C:\re\workspace\8-2-build-windows-amd64-cygwin\jdk8u221\13320\hotspot\src\share\vm\classfile\systemDictionar
Event: 1.223 Thread 0x0000000002aa6000 Exception <a 'java/lang/ClassNotFoundException': org/springframework/beans/factory/AwareCustomizer> (0x00000000d75d1018) thrown at [C:\re\workspace\8-2-build-windows-amd64-cygwin\jdk8u221\13320\hotspot\src\share\vm\classfile\systemDictionary.cpp, line 210
Event: 1.223 Thread 0x0000000002aa6000 Exception <a 'java/lang/ClassNotFoundException': org/springframework/context/EnvironmentAwareCustomizer> (0x00000000d75e3678) thrown at [C:\re\workspace\8-2-build-windows-amd64-cygwin\jdk8u221\13320\hotspot\src\share\vm\classfile\systemDictionary.cpp, lin
Event: 1.224 Thread 0x0000000002aa6000 Exception <a 'java/lang/ClassNotFoundException': org/springframework/beans/factory/AwareCustomizer> (0x00000000d75f59a0) thrown at [C:\re\workspace\8-2-build-windows-amd64-cygwin\jdk8u221\13320\hotspot\src\share\vm\classfile\systemDictionary.cpp, line 210
Event: 1.257 Thread 0x0000000002aa6000 Exception <a 'java/lang/NoSuchMethodError': java.lang.Object.lambda$comparing$77a9974f$1(Ljava/util/function/Function;Ljava/lang/Object;Ljava/lang/Object;)I> (0x00000000d7a0fd78) thrown at [C:\re\workspace\8-2-build-windows-amd64-cygwin\jdk8u221\13320\hot
Event: 1.314 Thread 0x000000001adc1000 Exception <a 'java/lang/IncompatibleClassChangeError': Found class java.lang.Object, but interface was expected> (0x00000000d5f3bbe0) thrown at [C:\re\workspace\8-2-build-windows-amd64-cygwin\jdk8u221\13320\hotspot\src\share\vm\interpreter\linkResolver.cp
Event: 1.566 Thread 0x0000000002aa6000 Exception <a 'java/lang/IncompatibleClassChangeError': Found class java.lang.Object, but interface was expected> (0x00000000d676d728) thrown at [C:\re\workspace\8-2-build-windows-amd64-cygwin\jdk8u221\13320\hotspot\src\share\vm\interpreter\linkResolver.cp
Event: 2.308 Thread 0x0000000002aa6000 Exception <a 'java/lang/NoSuchMethodError': java.lang.Object.lambda$andThen$1(Ljava/util/function/Function;Ljava/lang/Object;)Ljava/lang/Object;> (0x00000000d74c59c0) thrown at [C:\re\workspace\8-2-build-windows-amd64-cygwin\jdk8u221\13320\hotspot\src\sha

Events (10 events):
Event: 2.609 loading class com/fasterxml/jackson/dataformat/cbor$CBORFactory
Event: 2.609 loading class com/fasterxml/jackson/dataformat/cbor$CBORFactory done
Event: 2.609 loading class com/google/gson/Gson
Event: 2.609 loading class com/google/gson/Gson done
Event: 2.609 loading class com/google/gson$Gson
Event: 2.609 loading class com/google/gson$Gson done
Event: 2.609 loading class javax/json/bind/Jsonb
Event: 2.609 loading class javax/json/bind/Jsonb done
Event: 2.609 loading class javax/json/bind$Jsonb
Event: 2.609 loading class javax/json/bind$Jsonb done


Dynamic libraries:
0x00007ff66d1e0000 - 0x00007ff66d217000 	C:\Program Files\Java\jre1.8.0_221\bin\javaw.exe
0x00007ffb1f2c0000 - 0x00007ffb1f4b0000 	C:\WINDOWS\SYSTEM32\ntdll.dll
0x00007ffb1d3f0000 - 0x00007ffb1d4a2000 	C:\WINDOWS\System32\KERNEL32.DLL
0x00007ffb1c9d0000 - 0x00007ffb1cc74000 	C:\WINDOWS\System32\KERNELBASE.dll
0x00007ffb1e2f0000 - 0x00007ffb1e393000 	C:\WINDOWS\System32\ADVAPI32.dll
0x00007ffb1f110000 - 0x00007ffb1f1ae000 	C:\WINDOWS\System32\msvcrt.dll
0x00007ffb1e3a0000 - 0x00007ffb1e437000 	C:\WINDOWS\System32\sechost.dll
0x00007ffb1dd30000 - 0x00007ffb1de50000 	C:\WINDOWS\System32\RPCRT4.dll
0x00007ffb1de80000 - 0x00007ffb1e014000 	C:\WINDOWS\System32\USER32.dll
0x00007ffb1ced0000 - 0x00007ffb1cef1000 	C:\WINDOWS\System32\win32u.dll
0x00007ffb1de50000 - 0x00007ffb1de76000 	C:\WINDOWS\System32\GDI32.dll
0x00007ffb1d1d0000 - 0x00007ffb1d366000 	C:\WINDOWS\System32\gdi32full.dll
0x00007ffb1ce00000 - 0x00007ffb1ce9e000 	C:\WINDOWS\System32\msvcp_win.dll
0x00007ffb1cf80000 - 0x00007ffb1d07a000 	C:\WINDOWS\System32\ucrtbase.dll
0x00007ffaff430000 - 0x00007ffaff6b4000 	C:\WINDOWS\WinSxS\amd64_microsoft.windows.common-controls_6595b64144ccf1df_6.0.18362.959_none_e6c7bbbf130c62bb\COMCTL32.dll
0x00007ffb1e440000 - 0x00007ffb1e775000 	C:\WINDOWS\System32\combase.dll
0x00007ffb1cf00000 - 0x00007ffb1cf80000 	C:\WINDOWS\System32\bcryptPrimitives.dll
0x00007ffb1f0e0000 - 0x00007ffb1f10e000 	C:\WINDOWS\System32\IMM32.DLL
0x0000000056b40000 - 0x0000000056c12000 	C:\Program Files\Java\jre1.8.0_221\bin\msvcr100.dll
0x00000000575b0000 - 0x0000000057e55000 	C:\Program Files\Java\jre1.8.0_221\bin\server\jvm.dll
0x00007ffb1f1b0000 - 0x00007ffb1f1b8000 	C:\WINDOWS\System32\PSAPI.DLL
0x00007ffb14db0000 - 0x00007ffb14db9000 	C:\WINDOWS\SYSTEM32\WSOCK32.dll
0x00007ffb1e120000 - 0x00007ffb1e18f000 	C:\WINDOWS\System32\WS2_32.dll
0x00007ffb16550000 - 0x00007ffb16574000 	C:\WINDOWS\SYSTEM32\WINMM.dll
0x00007ffb10f30000 - 0x00007ffb10f3a000 	C:\WINDOWS\SYSTEM32\VERSION.dll
0x00007ffb160d0000 - 0x00007ffb160fd000 	C:\WINDOWS\SYSTEM32\winmmbase.dll
0x00007ffb1cc80000 - 0x00007ffb1ccca000 	C:\WINDOWS\System32\cfgmgr32.dll
0x00007ffb14da0000 - 0x00007ffb14daf000 	C:\Program Files\Java\jre1.8.0_221\bin\verify.dll
0x00007ffae0a70000 - 0x00007ffae0a99000 	C:\Program Files\Java\jre1.8.0_221\bin\java.dll
0x00007ffafee50000 - 0x00007ffafee66000 	C:\Program Files\Java\jre1.8.0_221\bin\zip.dll
0x00007ffb1e9f0000 - 0x00007ffb1f0d6000 	C:\WINDOWS\System32\SHELL32.dll
0x00007ffb1d7b0000 - 0x00007ffb1d859000 	C:\WINDOWS\System32\shcore.dll
0x00007ffb1c240000 - 0x00007ffb1c9c2000 	C:\WINDOWS\System32\windows.storage.dll
0x00007ffb1c180000 - 0x00007ffb1c1a3000 	C:\WINDOWS\System32\profapi.dll
0x00007ffb1c1f0000 - 0x00007ffb1c23a000 	C:\WINDOWS\System32\powrprof.dll
0x00007ffb1c170000 - 0x00007ffb1c180000 	C:\WINDOWS\System32\UMPDC.dll
0x00007ffb1e780000 - 0x00007ffb1e7d2000 	C:\WINDOWS\System32\shlwapi.dll
0x00007ffb1c1b0000 - 0x00007ffb1c1c1000 	C:\WINDOWS\System32\kernel.appcore.dll
0x00007ffb1cde0000 - 0x00007ffb1cdf7000 	C:\WINDOWS\System32\cryptsp.dll
0x00007ffb147b0000 - 0x00007ffb147bd000 	C:\Program Files\Java\jre1.8.0_221\bin\management.dll
0x00007ffafed40000 - 0x00007ffafed5a000 	C:\Program Files\Java\jre1.8.0_221\bin\net.dll
0x00007ffb04a60000 - 0x00007ffb04c36000 	C:\WINDOWS\SYSTEM32\urlmon.dll
0x00007ffb057a0000 - 0x00007ffb05a46000 	C:\WINDOWS\SYSTEM32\iertutil.dll
0x00007ffb1bbb0000 - 0x00007ffb1bbbc000 	C:\WINDOWS\SYSTEM32\CRYPTBASE.DLL
0x00007ffb1b9e0000 - 0x00007ffb1ba47000 	C:\WINDOWS\system32\mswsock.dll
0x00007ffafac00000 - 0x00007ffafac16000 	C:\WINDOWS\system32\napinsp.dll
0x00007ffafab20000 - 0x00007ffafab3a000 	C:\WINDOWS\system32\pnrpnsp.dll
0x00007ffb1b730000 - 0x00007ffb1b7fb000 	C:\WINDOWS\SYSTEM32\DNSAPI.dll
0x00007ffb1f1c0000 - 0x00007ffb1f1c8000 	C:\WINDOWS\System32\NSI.dll
0x00007ffb1b6f0000 - 0x00007ffb1b72a000 	C:\WINDOWS\SYSTEM32\IPHLPAPI.DLL
0x00007ffafabf0000 - 0x00007ffafabfe000 	C:\WINDOWS\System32\winrnr.dll
0x00007ffb14d70000 - 0x00007ffb14d8c000 	C:\WINDOWS\system32\NLAapi.dll
0x00007ffb14160000 - 0x00007ffb14175000 	C:\WINDOWS\system32\wshbth.dll
0x00007ffb12970000 - 0x00007ffb1297a000 	C:\Windows\System32\rasadhlp.dll
0x00007ffaff800000 - 0x00007ffaff877000 	C:\WINDOWS\System32\fwpuclnt.dll
0x00007ffb1cea0000 - 0x00007ffb1cec6000 	C:\WINDOWS\System32\bcrypt.dll
0x00007ffafec90000 - 0x00007ffafeca2000 	C:\Program Files\Java\jre1.8.0_221\bin\nio.dll

VM Arguments:
jvm_args: -Dfile.encoding=UTF-8 
java_command: com.deloitte.todo.app.TodoApp
java_class_path (initial): C:\Program Files\Java\jre1.8.0_221\lib\resources.jar;C:\Program Files\Java\jre1.8.0_221\lib\rt.jar;C:\Program Files\Java\jre1.8.0_221\lib\jsse.jar;C:\Program Files\Java\jre1.8.0_221\lib\jce.jar;C:\Program Files\Java\jre1.8.0_221\lib\charsets.jar;C:\Program Files\Java\jre1.8.0_221\lib\jfr.jar;C:\Program Files\Java\jre1.8.0_221\lib\ext\access-bridge-64.jar;C:\Program Files\Java\jre1.8.0_221\lib\ext\cldrdata.jar;C:\Program Files\Java\jre1.8.0_221\lib\ext\dnsns.jar;C:\Program Files\Java\jre1.8.0_221\lib\ext\jaccess.jar;C:\Program Files\Java\jre1.8.0_221\lib\ext\jfxrt.jar;C:\Program Files\Java\jre1.8.0_221\lib\ext\localedata.jar;C:\Program Files\Java\jre1.8.0_221\lib\ext\nashorn.jar;C:\Program Files\Java\jre1.8.0_221\lib\ext\sunec.jar;C:\Program Files\Java\jre1.8.0_221\lib\ext\sunjce_provider.jar;C:\Program Files\Java\jre1.8.0_221\lib\ext\sunmscapi.jar;C:\Program Files\Java\jre1.8.0_221\lib\ext\sunpkcs11.jar;C:\Program Files\Java\jre1.8.0_221\lib\ext\zipfs.jar;D:\Deloitte2\todo-app\target\classes;C:\Users\arvind\.m2\repository\org\springframework\boot\spring-boot-starter-web\2.1.1.RELEASE\spring-boot-starter-web-2.1.1.RELEASE.jar;C:\Users\arvind\.m2\repository\org\springframework\boot\spring-boot-starter\2.1.1.RELEASE\spring-boot-starter-2.1.1.RELEASE.jar;C:\Users\arvind\.m2\repository\org\springframework\boot\spring-boot\2.1.1.RELEASE\spring-boot-2.1.1.RELEASE.jar;C:\Users\arvind\.m2\repository\org\springframework\boot\spring-boot-autoconfigure\2.1.1.RELEASE\spring-boot-autoconfigure-2.1.1.RELEASE.jar;C:\Users\arvind\.m2\repository\org\springframework\boot\spring-boot-starter-logging\2.1.1.RELEASE\spring-boot-starter-logging-2.1.1.RELEASE.jar;C:\Users\arvind\.m2\repository\ch\qos\logback\logback-classic\1.2.3\logback-classic-1.2.3.jar;C:\Users\arvind\.m2\repository\ch\qos\logback\logback-core\1.2.3\logback-core-1.2.3.jar;C:\Users\arvind\.m2\repository\org\apache\logging\log4j\log4j-to-slf4j\2.11.1\log4j-to-slf4j-2.11.1.jar;C:\Users\arvind\.m
Launcher Type: SUN_STANDARD

Environment Variables:
JAVA_HOME=C:\Program Files\Java\jdk1.8.0_221
PATH=C:/Program Files/Java/jre1.8.0_221/bin/server;C:/Program Files/Java/jre1.8.0_221/bin;C:/Program Files/Java/jre1.8.0_221/lib/amd64;C:\Program Files (x86)\Common Files\Oracle\Java\javapath;C:\windows\system32;C:\windows;C:\windows\System32\Wbem;C:\windows\System32\WindowsPowerShell\v1.0\;C:\windows\System32\OpenSSH\;C:\Program Files (x86)\NVIDIA Corporation\PhysX\Common;C:\Program Files\NVIDIA Corporation\NVIDIA NvDLISR;C:\Program Files\Java\jdk1.8.0_221\bin;C:\Program Files\Java\jre1.8.0_221\bin;C:\Program Files\Git\cmd;C:\apache-maven-3.6.1-bin\apache-maven-3.6.1\bin;C:\Program Files\dotnet\;C:\Program Files\nodejs\;%SystemRoot%\system32;%SystemRoot%;%SystemRoot%\System32\Wbem;%SYSTEMROOT%\System32\WindowsPowerShell\v1.0\;%SYSTEMROOT%\System32\OpenSSH\;D:\Softwares\Python\Scripts\;D:\Softwares\Python\;C:\Program Files (x86)\Frontline Systems\XLMiner SDK\Bin;C:\Program Files\Frontline Systems\XLMiner SDK\Bin;C:\Program Files\MongoDB\Server\4.2\bin;C:\Program Files\MySQL\MySQL Shell 8.0\bin\;C:\Users\arvind\AppData\Local\atom\bin;C:\Users\arvind\AppData\Roaming\npm;D:\Softwares\Microsoft VS Code\bin;C:\Users\arvind\AppData\Local\Microsoft\WindowsApps;;D:\Softwares\IntelliJ IDEA Community Edition 2020.1.2\bin;;D:\Softwares\eclipse-jee-oxygen-3a-win32-x86_64\eclipse;
USERNAME=arvind
OS=Windows_NT
PROCESSOR_IDENTIFIER=Intel64 Family 6 Model 142 Stepping 11, GenuineIntel



---------------  S Y S T E M  ---------------

OS: Windows 10.0 , 64 bit Build 18362 (10.0.18362.959)

CPU:total 8 (initial active 8) (4 cores per cpu, 2 threads per core) family 6 model 142 stepping 11, cmov, cx8, fxsr, mmx, sse, sse2, sse3, ssse3, sse4.1, sse4.2, popcnt, avx, avx2, aes, clmul, erms, 3dnowpref, lzcnt, ht, tsc, tscinvbit, bmi1, bmi2, adx

Memory: 4k page, physical 8273204k(355220k free), swap 33439028k(4156k free)

vm_info: Java HotSpot(TM) 64-Bit Server VM (25.221-b11) for windows-amd64 JRE (1.8.0_221-b11), built on Jul  4 2019 04:39:29 by "java_re" with MS VC++ 10.0 (VS2010)

time: Sat Aug 15 23:49:21 2020
timezone: GMT Daylight Time
elapsed time: 2 seconds (0d 0h 0m 2s)

